{"/Users/mahalashkmisivakumar/heycar/src/index.js": {"path":"/Users/mahalashkmisivakumar/heycar/src/index.js","statementMap":{"0":{"start":{"line":10,"column":13},"end":{"line":10,"column":65}},"1":{"start":{"line":11,"column":15},"end":{"line":11,"column":28}},"2":{"start":{"line":13,"column":0},"end":{"line":21,"column":2}},"3":{"start":{"line":26,"column":0},"end":{"line":26,"column":18}}},"fnMap":{},"branchMap":{},"s":{"0":0,"1":0,"2":0,"3":0},"f":{},"b":{}}
,"/Users/mahalashkmisivakumar/heycar/src/Components/redux/action/actionType.js": {"path":"/Users/mahalashkmisivakumar/heycar/src/Components/redux/action/actionType.js","statementMap":{"0":{"start":{"line":2,"column":27},"end":{"line":2,"column":41}},"1":{"start":{"line":3,"column":25},"end":{"line":3,"column":36}},"2":{"start":{"line":5,"column":30},"end":{"line":5,"column":47}},"3":{"start":{"line":6,"column":28},"end":{"line":6,"column":42}},"4":{"start":{"line":8,"column":30},"end":{"line":8,"column":46}},"5":{"start":{"line":9,"column":28},"end":{"line":9,"column":42}},"6":{"start":{"line":11,"column":29},"end":{"line":11,"column":44}},"7":{"start":{"line":12,"column":27},"end":{"line":12,"column":40}}},"fnMap":{},"branchMap":{},"s":{"0":9,"1":9,"2":9,"3":9,"4":9,"5":9,"6":9,"7":9},"f":{},"b":{},"_coverageSchema":"1a1c01bbd47fc00a2c39e90264f33305004495a9","hash":"f23ee874f94ee266b7982df45936b2bccb642906"}
,"/Users/mahalashkmisivakumar/heycar/src/Components/redux/action/gatewayAction.js": {"path":"/Users/mahalashkmisivakumar/heycar/src/Components/redux/action/gatewayAction.js","statementMap":{"0":{"start":{"line":4,"column":32},"end":{"line":13,"column":3}},"1":{"start":{"line":5,"column":4},"end":{"line":12,"column":7}},"2":{"start":{"line":6,"column":6},"end":{"line":11,"column":7}},"3":{"start":{"line":7,"column":23},"end":{"line":7,"column":48}},"4":{"start":{"line":8,"column":8},"end":{"line":8,"column":46}},"5":{"start":{"line":15,"column":30},"end":{"line":17,"column":3}},"6":{"start":{"line":16,"column":4},"end":{"line":16,"column":50}}},"fnMap":{"0":{"name":"(anonymous_0)","decl":{"start":{"line":4,"column":32},"end":{"line":4,"column":33}},"loc":{"start":{"line":4,"column":38},"end":{"line":13,"column":3}},"line":4},"1":{"name":"(anonymous_1)","decl":{"start":{"line":5,"column":12},"end":{"line":5,"column":13}},"loc":{"start":{"line":5,"column":31},"end":{"line":12,"column":5}},"line":5},"2":{"name":"(anonymous_2)","decl":{"start":{"line":15,"column":30},"end":{"line":15,"column":31}},"loc":{"start":{"line":15,"column":54},"end":{"line":17,"column":3}},"line":15}},"branchMap":{"0":{"loc":{"start":{"line":15,"column":37},"end":{"line":15,"column":49}},"type":"default-arg","locations":[{"start":{"line":15,"column":47},"end":{"line":15,"column":49}}],"line":15}},"s":{"0":2,"1":1,"2":1,"3":1,"4":1,"5":2,"6":3},"f":{"0":1,"1":1,"2":3},"b":{"0":[3]},"_coverageSchema":"1a1c01bbd47fc00a2c39e90264f33305004495a9","hash":"caa880cd0e5f9292aa3f9604fbbc487fa325f74b"}
,"/Users/mahalashkmisivakumar/heycar/src/Components/redux/action/projectAction.js": {"path":"/Users/mahalashkmisivakumar/heycar/src/Components/redux/action/projectAction.js","statementMap":{"0":{"start":{"line":4,"column":32},"end":{"line":14,"column":3}},"1":{"start":{"line":5,"column":4},"end":{"line":13,"column":7}},"2":{"start":{"line":6,"column":6},"end":{"line":12,"column":7}},"3":{"start":{"line":7,"column":23},"end":{"line":7,"column":48}},"4":{"start":{"line":8,"column":8},"end":{"line":8,"column":46}},"5":{"start":{"line":16,"column":30},"end":{"line":18,"column":3}},"6":{"start":{"line":17,"column":4},"end":{"line":17,"column":50}}},"fnMap":{"0":{"name":"(anonymous_0)","decl":{"start":{"line":4,"column":32},"end":{"line":4,"column":33}},"loc":{"start":{"line":4,"column":38},"end":{"line":14,"column":3}},"line":4},"1":{"name":"(anonymous_1)","decl":{"start":{"line":5,"column":12},"end":{"line":5,"column":13}},"loc":{"start":{"line":5,"column":31},"end":{"line":13,"column":5}},"line":5},"2":{"name":"(anonymous_2)","decl":{"start":{"line":16,"column":30},"end":{"line":16,"column":31}},"loc":{"start":{"line":16,"column":54},"end":{"line":18,"column":3}},"line":16}},"branchMap":{"0":{"loc":{"start":{"line":16,"column":37},"end":{"line":16,"column":49}},"type":"default-arg","locations":[{"start":{"line":16,"column":47},"end":{"line":16,"column":49}}],"line":16}},"s":{"0":2,"1":1,"2":1,"3":1,"4":1,"5":2,"6":3},"f":{"0":1,"1":1,"2":3},"b":{"0":[3]},"_coverageSchema":"1a1c01bbd47fc00a2c39e90264f33305004495a9","hash":"24bdaf166663df39eaef89c146f43e06276b0034"}
,"/Users/mahalashkmisivakumar/heycar/src/Components/redux/action/reportAction.js": {"path":"/Users/mahalashkmisivakumar/heycar/src/Components/redux/action/reportAction.js","statementMap":{"0":{"start":{"line":4,"column":30},"end":{"line":14,"column":3}},"1":{"start":{"line":5,"column":4},"end":{"line":13,"column":7}},"2":{"start":{"line":6,"column":6},"end":{"line":12,"column":7}},"3":{"start":{"line":7,"column":23},"end":{"line":7,"column":54}},"4":{"start":{"line":8,"column":8},"end":{"line":8,"column":46}},"5":{"start":{"line":16,"column":30},"end":{"line":18,"column":3}},"6":{"start":{"line":17,"column":4},"end":{"line":17,"column":49}}},"fnMap":{"0":{"name":"(anonymous_0)","decl":{"start":{"line":4,"column":30},"end":{"line":4,"column":31}},"loc":{"start":{"line":4,"column":42},"end":{"line":14,"column":3}},"line":4},"1":{"name":"(anonymous_1)","decl":{"start":{"line":5,"column":12},"end":{"line":5,"column":13}},"loc":{"start":{"line":5,"column":31},"end":{"line":13,"column":5}},"line":5},"2":{"name":"(anonymous_2)","decl":{"start":{"line":16,"column":30},"end":{"line":16,"column":31}},"loc":{"start":{"line":16,"column":54},"end":{"line":18,"column":3}},"line":16}},"branchMap":{"0":{"loc":{"start":{"line":16,"column":37},"end":{"line":16,"column":49}},"type":"default-arg","locations":[{"start":{"line":16,"column":47},"end":{"line":16,"column":49}}],"line":16}},"s":{"0":2,"1":1,"2":1,"3":1,"4":1,"5":2,"6":3},"f":{"0":1,"1":1,"2":3},"b":{"0":[3]},"_coverageSchema":"1a1c01bbd47fc00a2c39e90264f33305004495a9","hash":"e3dae2277b41adb00c4f6b7d23141158407c6787"}
,"/Users/mahalashkmisivakumar/heycar/src/Components/redux/action/userAction.js": {"path":"/Users/mahalashkmisivakumar/heycar/src/Components/redux/action/userAction.js","statementMap":{"0":{"start":{"line":24,"column":30},"end":{"line":34,"column":1}},"1":{"start":{"line":25,"column":2},"end":{"line":33,"column":5}},"2":{"start":{"line":26,"column":4},"end":{"line":32,"column":5}},"3":{"start":{"line":27,"column":21},"end":{"line":27,"column":43}},"4":{"start":{"line":28,"column":6},"end":{"line":28,"column":44}},"5":{"start":{"line":51,"column":28},"end":{"line":53,"column":1}},"6":{"start":{"line":52,"column":2},"end":{"line":52,"column":45}}},"fnMap":{"0":{"name":"(anonymous_0)","decl":{"start":{"line":24,"column":30},"end":{"line":24,"column":31}},"loc":{"start":{"line":24,"column":36},"end":{"line":34,"column":1}},"line":24},"1":{"name":"(anonymous_1)","decl":{"start":{"line":25,"column":10},"end":{"line":25,"column":11}},"loc":{"start":{"line":25,"column":29},"end":{"line":33,"column":3}},"line":25},"2":{"name":"(anonymous_2)","decl":{"start":{"line":51,"column":28},"end":{"line":51,"column":29}},"loc":{"start":{"line":51,"column":52},"end":{"line":53,"column":1}},"line":51}},"branchMap":{"0":{"loc":{"start":{"line":51,"column":35},"end":{"line":51,"column":47}},"type":"default-arg","locations":[{"start":{"line":51,"column":45},"end":{"line":51,"column":47}}],"line":51}},"s":{"0":6,"1":2,"2":1,"3":1,"4":1,"5":6,"6":3},"f":{"0":2,"1":1,"2":3},"b":{"0":[3]},"_coverageSchema":"1a1c01bbd47fc00a2c39e90264f33305004495a9","hash":"a5aa8c81930acd415cc15532929e6b4f43a64c6f"}
,"/Users/mahalashkmisivakumar/heycar/src/Components/redux/reducer/gateWayReducer.js": {"path":"/Users/mahalashkmisivakumar/heycar/src/Components/redux/reducer/gateWayReducer.js","statementMap":{"0":{"start":{"line":5,"column":21},"end":{"line":8,"column":1}},"1":{"start":{"line":10,"column":23},"end":{"line":23,"column":3}},"2":{"start":{"line":11,"column":4},"end":{"line":21,"column":5}},"3":{"start":{"line":14,"column":21},"end":{"line":17,"column":9}},"4":{"start":{"line":18,"column":8},"end":{"line":18,"column":22}},"5":{"start":{"line":20,"column":8},"end":{"line":20,"column":21}}},"fnMap":{"0":{"name":"(anonymous_0)","decl":{"start":{"line":10,"column":23},"end":{"line":10,"column":24}},"loc":{"start":{"line":10,"column":57},"end":{"line":23,"column":3}},"line":10}},"branchMap":{"0":{"loc":{"start":{"line":10,"column":24},"end":{"line":10,"column":44}},"type":"default-arg","locations":[{"start":{"line":10,"column":32},"end":{"line":10,"column":44}}],"line":10},"1":{"loc":{"start":{"line":11,"column":4},"end":{"line":21,"column":5}},"type":"switch","locations":[{"start":{"line":13,"column":6},"end":{"line":18,"column":22}},{"start":{"line":19,"column":6},"end":{"line":20,"column":21}}],"line":11}},"s":{"0":2,"1":2,"2":5,"3":1,"4":1,"5":4},"f":{"0":5},"b":{"0":[2],"1":[1,4]},"_coverageSchema":"1a1c01bbd47fc00a2c39e90264f33305004495a9","hash":"5b8c796819a18f1a902c8b748a679360f96e293b"}
,"/Users/mahalashkmisivakumar/heycar/src/Components/redux/reducer/index.js": {"path":"/Users/mahalashkmisivakumar/heycar/src/Components/redux/reducer/index.js","statementMap":{"0":{"start":{"line":7,"column":20},"end":{"line":13,"column":4}}},"fnMap":{},"branchMap":{},"s":{"0":1},"f":{},"b":{},"_coverageSchema":"1a1c01bbd47fc00a2c39e90264f33305004495a9","hash":"0a4fd7703dffdd77062cfe2f210b3b2976d57c94"}
,"/Users/mahalashkmisivakumar/heycar/src/Components/redux/reducer/projectReducer.js": {"path":"/Users/mahalashkmisivakumar/heycar/src/Components/redux/reducer/projectReducer.js","statementMap":{"0":{"start":{"line":5,"column":21},"end":{"line":8,"column":1}},"1":{"start":{"line":10,"column":23},"end":{"line":32,"column":3}},"2":{"start":{"line":11,"column":4},"end":{"line":30,"column":5}},"3":{"start":{"line":14,"column":21},"end":{"line":17,"column":9}},"4":{"start":{"line":18,"column":8},"end":{"line":18,"column":22}},"5":{"start":{"line":29,"column":8},"end":{"line":29,"column":21}}},"fnMap":{"0":{"name":"(anonymous_0)","decl":{"start":{"line":10,"column":23},"end":{"line":10,"column":24}},"loc":{"start":{"line":10,"column":57},"end":{"line":32,"column":3}},"line":10}},"branchMap":{"0":{"loc":{"start":{"line":10,"column":24},"end":{"line":10,"column":44}},"type":"default-arg","locations":[{"start":{"line":10,"column":32},"end":{"line":10,"column":44}}],"line":10},"1":{"loc":{"start":{"line":11,"column":4},"end":{"line":30,"column":5}},"type":"switch","locations":[{"start":{"line":13,"column":6},"end":{"line":18,"column":22}},{"start":{"line":28,"column":6},"end":{"line":29,"column":21}}],"line":11}},"s":{"0":2,"1":2,"2":5,"3":1,"4":1,"5":4},"f":{"0":5},"b":{"0":[2],"1":[1,4]},"_coverageSchema":"1a1c01bbd47fc00a2c39e90264f33305004495a9","hash":"60bececdcb993db09d7bcd87a016d68a1325c330"}
,"/Users/mahalashkmisivakumar/heycar/src/Components/redux/reducer/reportReducer.js": {"path":"/Users/mahalashkmisivakumar/heycar/src/Components/redux/reducer/reportReducer.js","statementMap":{"0":{"start":{"line":5,"column":21},"end":{"line":8,"column":1}},"1":{"start":{"line":10,"column":22},"end":{"line":32,"column":3}},"2":{"start":{"line":11,"column":4},"end":{"line":30,"column":5}},"3":{"start":{"line":14,"column":21},"end":{"line":17,"column":9}},"4":{"start":{"line":18,"column":8},"end":{"line":18,"column":22}},"5":{"start":{"line":29,"column":8},"end":{"line":29,"column":21}}},"fnMap":{"0":{"name":"(anonymous_0)","decl":{"start":{"line":10,"column":22},"end":{"line":10,"column":23}},"loc":{"start":{"line":10,"column":56},"end":{"line":32,"column":3}},"line":10}},"branchMap":{"0":{"loc":{"start":{"line":10,"column":23},"end":{"line":10,"column":43}},"type":"default-arg","locations":[{"start":{"line":10,"column":31},"end":{"line":10,"column":43}}],"line":10},"1":{"loc":{"start":{"line":11,"column":4},"end":{"line":30,"column":5}},"type":"switch","locations":[{"start":{"line":13,"column":6},"end":{"line":18,"column":22}},{"start":{"line":28,"column":6},"end":{"line":29,"column":21}}],"line":11}},"s":{"0":2,"1":2,"2":5,"3":1,"4":1,"5":4},"f":{"0":5},"b":{"0":[3],"1":[1,4]},"_coverageSchema":"1a1c01bbd47fc00a2c39e90264f33305004495a9","hash":"d8cd2f9be7e13e9781877960914575f3da182806"}
,"/Users/mahalashkmisivakumar/heycar/src/Components/redux/reducer/userReducer.js": {"path":"/Users/mahalashkmisivakumar/heycar/src/Components/redux/reducer/userReducer.js","statementMap":{"0":{"start":{"line":5,"column":21},"end":{"line":8,"column":1}},"1":{"start":{"line":10,"column":20},"end":{"line":38,"column":3}},"2":{"start":{"line":11,"column":4},"end":{"line":36,"column":5}},"3":{"start":{"line":14,"column":21},"end":{"line":17,"column":9}},"4":{"start":{"line":18,"column":8},"end":{"line":18,"column":22}},"5":{"start":{"line":20,"column":19},"end":{"line":23,"column":9}},"6":{"start":{"line":24,"column":8},"end":{"line":24,"column":20}},"7":{"start":{"line":35,"column":8},"end":{"line":35,"column":21}}},"fnMap":{"0":{"name":"(anonymous_0)","decl":{"start":{"line":10,"column":20},"end":{"line":10,"column":21}},"loc":{"start":{"line":10,"column":54},"end":{"line":38,"column":3}},"line":10}},"branchMap":{"0":{"loc":{"start":{"line":10,"column":21},"end":{"line":10,"column":41}},"type":"default-arg","locations":[{"start":{"line":10,"column":29},"end":{"line":10,"column":41}}],"line":10},"1":{"loc":{"start":{"line":11,"column":4},"end":{"line":36,"column":5}},"type":"switch","locations":[{"start":{"line":13,"column":6},"end":{"line":18,"column":22}},{"start":{"line":19,"column":8},"end":{"line":24,"column":20}},{"start":{"line":34,"column":6},"end":{"line":35,"column":21}}],"line":11}},"s":{"0":2,"1":2,"2":6,"3":1,"4":1,"5":1,"6":1,"7":4},"f":{"0":6},"b":{"0":[2],"1":[1,1,4]},"_coverageSchema":"1a1c01bbd47fc00a2c39e90264f33305004495a9","hash":"64a3703f8678ca5a73849d597a1b1d4a9b9c94d0"}
,"/Users/mahalashkmisivakumar/heycar/src/Components/store/configStore.js": {"path":"/Users/mahalashkmisivakumar/heycar/src/Components/store/configStore.js","statementMap":{"0":{"start":{"line":9,"column":22},"end":{"line":12,"column":1}},"1":{"start":{"line":14,"column":23},"end":{"line":14,"column":65}},"2":{"start":{"line":18,"column":20},"end":{"line":29,"column":1}},"3":{"start":{"line":22,"column":14},"end":{"line":25,"column":3}},"4":{"start":{"line":27,"column":23},"end":{"line":27,"column":42}},"5":{"start":{"line":28,"column":2},"end":{"line":28,"column":35}}},"fnMap":{"0":{"name":"(anonymous_0)","decl":{"start":{"line":18,"column":20},"end":{"line":18,"column":21}},"loc":{"start":{"line":18,"column":26},"end":{"line":29,"column":1}},"line":18}},"branchMap":{},"s":{"0":0,"1":0,"2":0,"3":0,"4":0,"5":0},"f":{"0":0},"b":{}}
,"/Users/mahalashkmisivakumar/heycar/src/Components/ui/DasboardNoData.js": {"path":"/Users/mahalashkmisivakumar/heycar/src/Components/ui/DasboardNoData.js","statementMap":{"0":{"start":{"line":5,"column":24},"end":{"line":44,"column":1}},"1":{"start":{"line":6,"column":2},"end":{"line":43,"column":4}}},"fnMap":{"0":{"name":"(anonymous_0)","decl":{"start":{"line":5,"column":24},"end":{"line":5,"column":25}},"loc":{"start":{"line":5,"column":30},"end":{"line":44,"column":1}},"line":5}},"branchMap":{},"s":{"0":1,"1":2},"f":{"0":2},"b":{},"_coverageSchema":"1a1c01bbd47fc00a2c39e90264f33305004495a9","hash":"06f2d3071113614f846ffe1acbcb7f72849e2b04"}
,"/Users/mahalashkmisivakumar/heycar/src/Components/ui/Dashboard.js": {"path":"/Users/mahalashkmisivakumar/heycar/src/Components/ui/Dashboard.js","statementMap":{"0":{"start":{"line":37,"column":18},"end":{"line":505,"column":1}},"1":{"start":{"line":38,"column":25},"end":{"line":43,"column":3}},"2":{"start":{"line":44,"column":36},"end":{"line":44,"column":50}},"3":{"start":{"line":45,"column":32},"end":{"line":45,"column":46}},"4":{"start":{"line":46,"column":40},"end":{"line":46,"column":52}},"5":{"start":{"line":48,"column":17},"end":{"line":48,"column":30}},"6":{"start":{"line":49,"column":16},"end":{"line":49,"column":51}},"7":{"start":{"line":49,"column":39},"end":{"line":49,"column":50}},"8":{"start":{"line":50,"column":19},"end":{"line":50,"column":57}},"9":{"start":{"line":50,"column":42},"end":{"line":50,"column":56}},"10":{"start":{"line":51,"column":19},"end":{"line":51,"column":57}},"11":{"start":{"line":51,"column":42},"end":{"line":51,"column":56}},"12":{"start":{"line":52,"column":17},"end":{"line":52,"column":54}},"13":{"start":{"line":52,"column":40},"end":{"line":52,"column":53}},"14":{"start":{"line":54,"column":22},"end":{"line":54,"column":27}},"15":{"start":{"line":55,"column":24},"end":{"line":55,"column":32}},"16":{"start":{"line":56,"column":24},"end":{"line":56,"column":32}},"17":{"start":{"line":57,"column":23},"end":{"line":57,"column":29}},"18":{"start":{"line":58,"column":19},"end":{"line":58,"column":37}},"19":{"start":{"line":60,"column":52},"end":{"line":60,"column":64}},"20":{"start":{"line":61,"column":52},"end":{"line":61,"column":64}},"21":{"start":{"line":62,"column":54},"end":{"line":62,"column":66}},"22":{"start":{"line":63,"column":54},"end":{"line":63,"column":66}},"23":{"start":{"line":64,"column":52},"end":{"line":64,"column":64}},"24":{"start":{"line":65,"column":61},"end":{"line":65,"column":73}},"25":{"start":{"line":71,"column":20},"end":{"line":86,"column":3}},"26":{"start":{"line":72,"column":26},"end":{"line":83,"column":10}},"27":{"start":{"line":73,"column":6},"end":{"line":81,"column":7}},"28":{"start":{"line":74,"column":30},"end":{"line":74,"column":37}},"29":{"start":{"line":75,"column":8},"end":{"line":75,"column":50}},"30":{"start":{"line":76,"column":8},"end":{"line":76,"column":39}},"31":{"start":{"line":78,"column":30},"end":{"line":78,"column":37}},"32":{"start":{"line":79,"column":8},"end":{"line":79,"column":50}},"33":{"start":{"line":80,"column":8},"end":{"line":80,"column":39}},"34":{"start":{"line":82,"column":6},"end":{"line":82,"column":19}},"35":{"start":{"line":85,"column":4},"end":{"line":85,"column":27}},"36":{"start":{"line":92,"column":25},"end":{"line":120,"column":3}},"37":{"start":{"line":93,"column":4},"end":{"line":93,"column":78}},"38":{"start":{"line":93,"column":27},"end":{"line":93,"column":78}},"39":{"start":{"line":94,"column":4},"end":{"line":94,"column":72}},"40":{"start":{"line":94,"column":25},"end":{"line":94,"column":72}},"41":{"start":{"line":95,"column":4},"end":{"line":101,"column":5}},"42":{"start":{"line":96,"column":33},"end":{"line":98,"column":7}},"43":{"start":{"line":97,"column":15},"end":{"line":97,"column":43}},"44":{"start":{"line":99,"column":6},"end":{"line":100,"column":59}},"45":{"start":{"line":102,"column":4},"end":{"line":108,"column":5}},"46":{"start":{"line":103,"column":33},"end":{"line":105,"column":7}},"47":{"start":{"line":104,"column":15},"end":{"line":104,"column":43}},"48":{"start":{"line":106,"column":6},"end":{"line":107,"column":59}},"49":{"start":{"line":110,"column":4},"end":{"line":110,"column":45}},"50":{"start":{"line":112,"column":4},"end":{"line":119,"column":5}},"51":{"start":{"line":113,"column":28},"end":{"line":113,"column":30}},"52":{"start":{"line":115,"column":6},"end":{"line":117,"column":9}},"53":{"start":{"line":116,"column":8},"end":{"line":116,"column":43}},"54":{"start":{"line":118,"column":6},"end":{"line":118,"column":38}},"55":{"start":{"line":126,"column":28},"end":{"line":129,"column":3}},"56":{"start":{"line":127,"column":21},"end":{"line":127,"column":77}},"57":{"start":{"line":128,"column":4},"end":{"line":128,"column":22}},"58":{"start":{"line":134,"column":2},"end":{"line":134,"column":48}},"59":{"start":{"line":139,"column":2},"end":{"line":146,"column":19}},"60":{"start":{"line":140,"column":4},"end":{"line":145,"column":22}},"61":{"start":{"line":141,"column":6},"end":{"line":141,"column":32}},"62":{"start":{"line":142,"column":6},"end":{"line":142,"column":35}},"63":{"start":{"line":143,"column":6},"end":{"line":143,"column":35}},"64":{"start":{"line":144,"column":6},"end":{"line":144,"column":22}},"65":{"start":{"line":151,"column":2},"end":{"line":173,"column":9}},"66":{"start":{"line":152,"column":4},"end":{"line":152,"column":59}},"67":{"start":{"line":152,"column":38},"end":{"line":152,"column":59}},"68":{"start":{"line":153,"column":4},"end":{"line":162,"column":5}},"69":{"start":{"line":154,"column":22},"end":{"line":154,"column":24}},"70":{"start":{"line":155,"column":6},"end":{"line":155,"column":37}},"71":{"start":{"line":156,"column":6},"end":{"line":158,"column":9}},"72":{"start":{"line":157,"column":8},"end":{"line":157,"column":34}},"73":{"start":{"line":160,"column":6},"end":{"line":160,"column":44}},"74":{"start":{"line":161,"column":6},"end":{"line":161,"column":41}},"75":{"start":{"line":163,"column":4},"end":{"line":172,"column":5}},"76":{"start":{"line":164,"column":22},"end":{"line":164,"column":24}},"77":{"start":{"line":165,"column":6},"end":{"line":165,"column":37}},"78":{"start":{"line":167,"column":6},"end":{"line":169,"column":9}},"79":{"start":{"line":168,"column":8},"end":{"line":168,"column":34}},"80":{"start":{"line":170,"column":6},"end":{"line":170,"column":44}},"81":{"start":{"line":171,"column":6},"end":{"line":171,"column":41}},"82":{"start":{"line":179,"column":24},"end":{"line":213,"column":3}},"83":{"start":{"line":180,"column":4},"end":{"line":212,"column":5}},"84":{"start":{"line":181,"column":27},"end":{"line":181,"column":42}},"85":{"start":{"line":182,"column":27},"end":{"line":182,"column":43}},"86":{"start":{"line":183,"column":24},"end":{"line":183,"column":64}},"87":{"start":{"line":184,"column":6},"end":{"line":202,"column":9}},"88":{"start":{"line":185,"column":20},"end":{"line":185,"column":39}},"89":{"start":{"line":186,"column":31},"end":{"line":188,"column":9}},"90":{"start":{"line":187,"column":17},"end":{"line":187,"column":37}},"91":{"start":{"line":189,"column":31},"end":{"line":191,"column":9}},"92":{"start":{"line":190,"column":17},"end":{"line":190,"column":37}},"93":{"start":{"line":192,"column":8},"end":{"line":194,"column":30}},"94":{"start":{"line":193,"column":10},"end":{"line":194,"column":30}},"95":{"start":{"line":195,"column":8},"end":{"line":197,"column":30}},"96":{"start":{"line":196,"column":10},"end":{"line":197,"column":30}},"97":{"start":{"line":199,"column":8},"end":{"line":199,"column":33}},"98":{"start":{"line":201,"column":8},"end":{"line":201,"column":25}},"99":{"start":{"line":204,"column":6},"end":{"line":204,"column":40}},"100":{"start":{"line":205,"column":29},"end":{"line":205,"column":31}},"101":{"start":{"line":206,"column":6},"end":{"line":211,"column":7}},"102":{"start":{"line":207,"column":8},"end":{"line":209,"column":11}},"103":{"start":{"line":208,"column":10},"end":{"line":208,"column":47}},"104":{"start":{"line":210,"column":8},"end":{"line":210,"column":49}},"105":{"start":{"line":218,"column":30},"end":{"line":220,"column":3}},"106":{"start":{"line":219,"column":4},"end":{"line":219,"column":45}},"107":{"start":{"line":225,"column":30},"end":{"line":227,"column":3}},"108":{"start":{"line":226,"column":4},"end":{"line":226,"column":45}},"109":{"start":{"line":230,"column":2},"end":{"line":504,"column":4}},"110":{"start":{"line":333,"column":24},"end":{"line":338,"column":26}},"111":{"start":{"line":360,"column":24},"end":{"line":365,"column":26}},"112":{"start":{"line":375,"column":20},"end":{"line":375,"column":43}},"113":{"start":{"line":378,"column":20},"end":{"line":392,"column":22}},"114":{"start":{"line":402,"column":20},"end":{"line":402,"column":41}},"115":{"start":{"line":405,"column":20},"end":{"line":420,"column":22}}},"fnMap":{"0":{"name":"(anonymous_0)","decl":{"start":{"line":37,"column":18},"end":{"line":37,"column":19}},"loc":{"start":{"line":37,"column":24},"end":{"line":505,"column":1}},"line":37},"1":{"name":"(anonymous_1)","decl":{"start":{"line":49,"column":28},"end":{"line":49,"column":29}},"loc":{"start":{"line":49,"column":39},"end":{"line":49,"column":50}},"line":49},"2":{"name":"(anonymous_2)","decl":{"start":{"line":50,"column":31},"end":{"line":50,"column":32}},"loc":{"start":{"line":50,"column":42},"end":{"line":50,"column":56}},"line":50},"3":{"name":"(anonymous_3)","decl":{"start":{"line":51,"column":31},"end":{"line":51,"column":32}},"loc":{"start":{"line":51,"column":42},"end":{"line":51,"column":56}},"line":51},"4":{"name":"(anonymous_4)","decl":{"start":{"line":52,"column":29},"end":{"line":52,"column":30}},"loc":{"start":{"line":52,"column":40},"end":{"line":52,"column":53}},"line":52},"5":{"name":"(anonymous_5)","decl":{"start":{"line":71,"column":20},"end":{"line":71,"column":21}},"loc":{"start":{"line":71,"column":35},"end":{"line":86,"column":3}},"line":71},"6":{"name":"(anonymous_6)","decl":{"start":{"line":72,"column":51},"end":{"line":72,"column":52}},"loc":{"start":{"line":72,"column":71},"end":{"line":83,"column":5}},"line":72},"7":{"name":"(anonymous_7)","decl":{"start":{"line":92,"column":25},"end":{"line":92,"column":26}},"loc":{"start":{"line":92,"column":31},"end":{"line":120,"column":3}},"line":92},"8":{"name":"(anonymous_8)","decl":{"start":{"line":97,"column":8},"end":{"line":97,"column":9}},"loc":{"start":{"line":97,"column":15},"end":{"line":97,"column":43}},"line":97},"9":{"name":"(anonymous_9)","decl":{"start":{"line":104,"column":8},"end":{"line":104,"column":9}},"loc":{"start":{"line":104,"column":15},"end":{"line":104,"column":43}},"line":104},"10":{"name":"(anonymous_10)","decl":{"start":{"line":115,"column":31},"end":{"line":115,"column":32}},"loc":{"start":{"line":115,"column":44},"end":{"line":117,"column":7}},"line":115},"11":{"name":"(anonymous_11)","decl":{"start":{"line":126,"column":28},"end":{"line":126,"column":29}},"loc":{"start":{"line":126,"column":35},"end":{"line":129,"column":3}},"line":126},"12":{"name":"(anonymous_12)","decl":{"start":{"line":139,"column":12},"end":{"line":139,"column":13}},"loc":{"start":{"line":139,"column":18},"end":{"line":146,"column":3}},"line":139},"13":{"name":"(anonymous_13)","decl":{"start":{"line":151,"column":12},"end":{"line":151,"column":13}},"loc":{"start":{"line":151,"column":18},"end":{"line":173,"column":3}},"line":151},"14":{"name":"(anonymous_14)","decl":{"start":{"line":156,"column":32},"end":{"line":156,"column":33}},"loc":{"start":{"line":156,"column":42},"end":{"line":158,"column":7}},"line":156},"15":{"name":"(anonymous_15)","decl":{"start":{"line":167,"column":32},"end":{"line":167,"column":33}},"loc":{"start":{"line":167,"column":42},"end":{"line":169,"column":7}},"line":167},"16":{"name":"(anonymous_16)","decl":{"start":{"line":179,"column":24},"end":{"line":179,"column":25}},"loc":{"start":{"line":179,"column":30},"end":{"line":213,"column":3}},"line":179},"17":{"name":"(anonymous_17)","decl":{"start":{"line":184,"column":39},"end":{"line":184,"column":40}},"loc":{"start":{"line":184,"column":49},"end":{"line":202,"column":7}},"line":184},"18":{"name":"(anonymous_18)","decl":{"start":{"line":187,"column":10},"end":{"line":187,"column":11}},"loc":{"start":{"line":187,"column":17},"end":{"line":187,"column":37}},"line":187},"19":{"name":"(anonymous_19)","decl":{"start":{"line":190,"column":10},"end":{"line":190,"column":11}},"loc":{"start":{"line":190,"column":17},"end":{"line":190,"column":37}},"line":190},"20":{"name":"(anonymous_20)","decl":{"start":{"line":207,"column":43},"end":{"line":207,"column":44}},"loc":{"start":{"line":207,"column":55},"end":{"line":209,"column":9}},"line":207},"21":{"name":"(anonymous_21)","decl":{"start":{"line":218,"column":30},"end":{"line":218,"column":31}},"loc":{"start":{"line":218,"column":41},"end":{"line":220,"column":3}},"line":218},"22":{"name":"(anonymous_22)","decl":{"start":{"line":225,"column":30},"end":{"line":225,"column":31}},"loc":{"start":{"line":225,"column":41},"end":{"line":227,"column":3}},"line":225},"23":{"name":"(anonymous_23)","decl":{"start":{"line":332,"column":45},"end":{"line":332,"column":46}},"loc":{"start":{"line":332,"column":65},"end":{"line":339,"column":23}},"line":332},"24":{"name":"(anonymous_24)","decl":{"start":{"line":359,"column":45},"end":{"line":359,"column":46}},"loc":{"start":{"line":359,"column":65},"end":{"line":366,"column":23}},"line":359},"25":{"name":"(anonymous_25)","decl":{"start":{"line":374,"column":28},"end":{"line":374,"column":29}},"loc":{"start":{"line":374,"column":42},"end":{"line":376,"column":19}},"line":374},"26":{"name":"(anonymous_26)","decl":{"start":{"line":377,"column":31},"end":{"line":377,"column":32}},"loc":{"start":{"line":378,"column":20},"end":{"line":392,"column":22}},"line":378},"27":{"name":"(anonymous_27)","decl":{"start":{"line":401,"column":28},"end":{"line":401,"column":29}},"loc":{"start":{"line":401,"column":42},"end":{"line":403,"column":19}},"line":401},"28":{"name":"(anonymous_28)","decl":{"start":{"line":404,"column":31},"end":{"line":404,"column":32}},"loc":{"start":{"line":405,"column":20},"end":{"line":420,"column":22}},"line":405}},"branchMap":{"0":{"loc":{"start":{"line":73,"column":6},"end":{"line":81,"column":7}},"type":"if","locations":[{"start":{"line":73,"column":6},"end":{"line":81,"column":7}},{"start":{"line":77,"column":13},"end":{"line":81,"column":7}}],"line":73},"1":{"loc":{"start":{"line":75,"column":27},"end":{"line":75,"column":49}},"type":"binary-expr","locations":[{"start":{"line":75,"column":27},"end":{"line":75,"column":43}},{"start":{"line":75,"column":47},"end":{"line":75,"column":49}}],"line":75},"2":{"loc":{"start":{"line":79,"column":27},"end":{"line":79,"column":49}},"type":"binary-expr","locations":[{"start":{"line":79,"column":27},"end":{"line":79,"column":43}},{"start":{"line":79,"column":47},"end":{"line":79,"column":49}}],"line":79},"3":{"loc":{"start":{"line":93,"column":4},"end":{"line":93,"column":78}},"type":"if","locations":[{"start":{"line":93,"column":4},"end":{"line":93,"column":78}},{"start":{},"end":{}}],"line":93},"4":{"loc":{"start":{"line":94,"column":4},"end":{"line":94,"column":72}},"type":"if","locations":[{"start":{"line":94,"column":4},"end":{"line":94,"column":72}},{"start":{},"end":{}}],"line":94},"5":{"loc":{"start":{"line":95,"column":4},"end":{"line":101,"column":5}},"type":"if","locations":[{"start":{"line":95,"column":4},"end":{"line":101,"column":5}},{"start":{},"end":{}}],"line":95},"6":{"loc":{"start":{"line":102,"column":4},"end":{"line":108,"column":5}},"type":"if","locations":[{"start":{"line":102,"column":4},"end":{"line":108,"column":5}},{"start":{},"end":{}}],"line":102},"7":{"loc":{"start":{"line":112,"column":4},"end":{"line":119,"column":5}},"type":"if","locations":[{"start":{"line":112,"column":4},"end":{"line":119,"column":5}},{"start":{},"end":{}}],"line":112},"8":{"loc":{"start":{"line":152,"column":4},"end":{"line":152,"column":59}},"type":"if","locations":[{"start":{"line":152,"column":4},"end":{"line":152,"column":59}},{"start":{},"end":{}}],"line":152},"9":{"loc":{"start":{"line":153,"column":4},"end":{"line":162,"column":5}},"type":"if","locations":[{"start":{"line":153,"column":4},"end":{"line":162,"column":5}},{"start":{},"end":{}}],"line":153},"10":{"loc":{"start":{"line":163,"column":4},"end":{"line":172,"column":5}},"type":"if","locations":[{"start":{"line":163,"column":4},"end":{"line":172,"column":5}},{"start":{},"end":{}}],"line":163},"11":{"loc":{"start":{"line":180,"column":4},"end":{"line":212,"column":5}},"type":"if","locations":[{"start":{"line":180,"column":4},"end":{"line":212,"column":5}},{"start":{},"end":{}}],"line":180},"12":{"loc":{"start":{"line":192,"column":8},"end":{"line":194,"column":30}},"type":"if","locations":[{"start":{"line":192,"column":8},"end":{"line":194,"column":30}},{"start":{},"end":{}}],"line":192},"13":{"loc":{"start":{"line":195,"column":8},"end":{"line":197,"column":30}},"type":"if","locations":[{"start":{"line":195,"column":8},"end":{"line":197,"column":30}},{"start":{},"end":{}}],"line":195},"14":{"loc":{"start":{"line":206,"column":6},"end":{"line":211,"column":7}},"type":"if","locations":[{"start":{"line":206,"column":6},"end":{"line":211,"column":7}},{"start":{},"end":{}}],"line":206},"15":{"loc":{"start":{"line":260,"column":12},"end":{"line":260,"column":76}},"type":"cond-expr","locations":[{"start":{"line":260,"column":56},"end":{"line":260,"column":66}},{"start":{"line":260,"column":69},"end":{"line":260,"column":76}}],"line":260},"16":{"loc":{"start":{"line":331,"column":20},"end":{"line":339,"column":24}},"type":"binary-expr","locations":[{"start":{"line":331,"column":20},"end":{"line":331,"column":49}},{"start":{"line":332,"column":22},"end":{"line":339,"column":24}}],"line":331},"17":{"loc":{"start":{"line":358,"column":20},"end":{"line":366,"column":24}},"type":"binary-expr","locations":[{"start":{"line":358,"column":20},"end":{"line":358,"column":49}},{"start":{"line":359,"column":22},"end":{"line":366,"column":24}}],"line":358},"18":{"loc":{"start":{"line":441,"column":11},"end":{"line":500,"column":11}},"type":"cond-expr","locations":[{"start":{"line":442,"column":12},"end":{"line":497,"column":18}},{"start":{"line":499,"column":12},"end":{"line":499,"column":31}}],"line":441}},"s":{"0":1,"1":2,"2":2,"3":2,"4":2,"5":2,"6":2,"7":2,"8":2,"9":2,"10":2,"11":2,"12":2,"13":2,"14":2,"15":2,"16":2,"17":2,"18":2,"19":2,"20":2,"21":2,"22":2,"23":2,"24":2,"25":2,"26":0,"27":0,"28":0,"29":0,"30":0,"31":0,"32":0,"33":0,"34":0,"35":0,"36":2,"37":0,"38":0,"39":0,"40":0,"41":0,"42":0,"43":0,"44":0,"45":0,"46":0,"47":0,"48":0,"49":0,"50":0,"51":0,"52":0,"53":0,"54":0,"55":2,"56":0,"57":0,"58":2,"59":2,"60":1,"61":1,"62":0,"63":0,"64":0,"65":2,"66":1,"67":0,"68":1,"69":1,"70":1,"71":1,"72":1,"73":1,"74":1,"75":1,"76":1,"77":1,"78":1,"79":1,"80":1,"81":1,"82":2,"83":0,"84":0,"85":0,"86":0,"87":0,"88":0,"89":0,"90":0,"91":0,"92":0,"93":0,"94":0,"95":0,"96":0,"97":0,"98":0,"99":0,"100":0,"101":0,"102":0,"103":0,"104":0,"105":2,"106":0,"107":2,"108":0,"109":2,"110":2,"111":2,"112":0,"113":2,"114":0,"115":2},"f":{"0":2,"1":2,"2":2,"3":2,"4":2,"5":0,"6":0,"7":0,"8":0,"9":0,"10":0,"11":0,"12":1,"13":1,"14":1,"15":1,"16":0,"17":0,"18":0,"19":0,"20":0,"21":0,"22":0,"23":2,"24":2,"25":0,"26":2,"27":0,"28":2},"b":{"0":[0,0],"1":[0,0],"2":[0,0],"3":[0,0],"4":[0,0],"5":[0,0],"6":[0,0],"7":[0,0],"8":[0,1],"9":[1,0],"10":[1,0],"11":[0,0],"12":[0,0],"13":[0,0],"14":[0,0],"15":[0,2],"16":[2,1],"17":[2,1],"18":[0,2]},"_coverageSchema":"1a1c01bbd47fc00a2c39e90264f33305004495a9","hash":"88b1bc15f789f6669b3212daa73e1e99cead612e"}
,"/Users/mahalashkmisivakumar/heycar/src/Components/ui/DashboardChart.js": {"path":"/Users/mahalashkmisivakumar/heycar/src/Components/ui/DashboardChart.js","statementMap":{"0":{"start":{"line":4,"column":23},"end":{"line":50,"column":1}},"1":{"start":{"line":5,"column":56},"end":{"line":5,"column":61}},"2":{"start":{"line":6,"column":16},"end":{"line":28,"column":3}},"3":{"start":{"line":30,"column":2},"end":{"line":49,"column":4}}},"fnMap":{"0":{"name":"(anonymous_0)","decl":{"start":{"line":4,"column":23},"end":{"line":4,"column":24}},"loc":{"start":{"line":4,"column":34},"end":{"line":50,"column":1}},"line":4}},"branchMap":{},"s":{"0":1,"1":0,"2":0,"3":0},"f":{"0":0},"b":{},"_coverageSchema":"1a1c01bbd47fc00a2c39e90264f33305004495a9","hash":"11be4946b35012022365e7d58e4e20c86e0e007b"}
,"/Users/mahalashkmisivakumar/heycar/src/Components/ui/DashboardTable.js": {"path":"/Users/mahalashkmisivakumar/heycar/src/Components/ui/DashboardTable.js","statementMap":{"0":{"start":{"line":12,"column":12},"end":{"line":102,"column":1}},"1":{"start":{"line":13,"column":27},"end":{"line":13,"column":32}},"2":{"start":{"line":15,"column":20},"end":{"line":15,"column":21}},"3":{"start":{"line":17,"column":2},"end":{"line":23,"column":3}},"4":{"start":{"line":18,"column":4},"end":{"line":20,"column":7}},"5":{"start":{"line":19,"column":6},"end":{"line":19,"column":47}},"6":{"start":{"line":22,"column":4},"end":{"line":22,"column":42}},"7":{"start":{"line":25,"column":26},"end":{"line":25,"column":47}},"8":{"start":{"line":27,"column":2},"end":{"line":101,"column":4}},"9":{"start":{"line":39,"column":25},"end":{"line":39,"column":39}},"10":{"start":{"line":48,"column":25},"end":{"line":48,"column":39}},"11":{"start":{"line":72,"column":24},"end":{"line":91,"column":26}},"12":{"start":{"line":105,"column":23},"end":{"line":140,"column":1}},"13":{"start":{"line":107,"column":62},"end":{"line":107,"column":67}},"14":{"start":{"line":108,"column":0},"end":{"line":139,"column":1}},"15":{"start":{"line":130,"column":10},"end":{"line":134,"column":12}}},"fnMap":{"0":{"name":"(anonymous_0)","decl":{"start":{"line":12,"column":12},"end":{"line":12,"column":13}},"loc":{"start":{"line":12,"column":23},"end":{"line":102,"column":1}},"line":12},"1":{"name":"(anonymous_1)","decl":{"start":{"line":18,"column":20},"end":{"line":18,"column":21}},"loc":{"start":{"line":18,"column":31},"end":{"line":20,"column":5}},"line":18},"2":{"name":"(anonymous_2)","decl":{"start":{"line":39,"column":19},"end":{"line":39,"column":20}},"loc":{"start":{"line":39,"column":25},"end":{"line":39,"column":39}},"line":39},"3":{"name":"(anonymous_3)","decl":{"start":{"line":48,"column":19},"end":{"line":48,"column":20}},"loc":{"start":{"line":48,"column":25},"end":{"line":48,"column":39}},"line":48},"4":{"name":"(anonymous_4)","decl":{"start":{"line":71,"column":33},"end":{"line":71,"column":34}},"loc":{"start":{"line":71,"column":52},"end":{"line":92,"column":23}},"line":71},"5":{"name":"(anonymous_5)","decl":{"start":{"line":105,"column":23},"end":{"line":105,"column":24}},"loc":{"start":{"line":105,"column":33},"end":{"line":140,"column":1}},"line":105},"6":{"name":"(anonymous_6)","decl":{"start":{"line":129,"column":44},"end":{"line":129,"column":45}},"loc":{"start":{"line":130,"column":10},"end":{"line":134,"column":12}},"line":130}},"branchMap":{"0":{"loc":{"start":{"line":17,"column":2},"end":{"line":23,"column":3}},"type":"if","locations":[{"start":{"line":17,"column":2},"end":{"line":23,"column":3}},{"start":{},"end":{}}],"line":17},"1":{"loc":{"start":{"line":70,"column":20},"end":{"line":92,"column":24}},"type":"binary-expr","locations":[{"start":{"line":70,"column":20},"end":{"line":70,"column":37}},{"start":{"line":71,"column":22},"end":{"line":92,"column":24}}],"line":70}},"s":{"0":1,"1":0,"2":0,"3":0,"4":0,"5":0,"6":0,"7":0,"8":0,"9":0,"10":0,"11":0,"12":1,"13":0,"14":0,"15":0},"f":{"0":0,"1":0,"2":0,"3":0,"4":0,"5":0,"6":0},"b":{"0":[0,0],"1":[0,0]},"_coverageSchema":"1a1c01bbd47fc00a2c39e90264f33305004495a9","hash":"07ff58329ac0b9bbd73af2ab6079f8c0b363169c"}
,"/Users/mahalashkmisivakumar/heycar/src/api/api.js": {"path":"/Users/mahalashkmisivakumar/heycar/src/api/api.js","statementMap":{"0":{"start":{"line":10,"column":15},"end":{"line":10,"column":56}},"1":{"start":{"line":12,"column":23},"end":{"line":16,"column":1}},"2":{"start":{"line":13,"column":19},"end":{"line":13,"column":57}},"3":{"start":{"line":14,"column":3},"end":{"line":14,"column":19}},"4":{"start":{"line":28,"column":24},"end":{"line":30,"column":1}},"5":{"start":{"line":29,"column":2},"end":{"line":29,"column":52}}},"fnMap":{"0":{"name":"(anonymous_0)","decl":{"start":{"line":12,"column":23},"end":{"line":12,"column":24}},"loc":{"start":{"line":12,"column":46},"end":{"line":16,"column":1}},"line":12},"1":{"name":"(anonymous_1)","decl":{"start":{"line":28,"column":24},"end":{"line":28,"column":25}},"loc":{"start":{"line":28,"column":57},"end":{"line":30,"column":1}},"line":28}},"branchMap":{"0":{"loc":{"start":{"line":12,"column":29},"end":{"line":12,"column":41}},"type":"default-arg","locations":[{"start":{"line":12,"column":39},"end":{"line":12,"column":41}}],"line":12},"1":{"loc":{"start":{"line":28,"column":40},"end":{"line":28,"column":52}},"type":"default-arg","locations":[{"start":{"line":28,"column":50},"end":{"line":28,"column":52}}],"line":28}},"s":{"0":10,"1":10,"2":2,"3":2,"4":10,"5":2},"f":{"0":2,"1":2},"b":{"0":[2],"1":[2]},"_coverageSchema":"1a1c01bbd47fc00a2c39e90264f33305004495a9","hash":"a0b36164c952c58003d46fc1f6c64c990fb114e7"}
}
