TN:
SF:src/index.js
FNF:0
FNH:0
DA:10,0
DA:11,0
DA:13,0
DA:26,0
LF:4
LH:0
BRF:0
BRH:0
end_of_record
TN:
SF:src/Components/redux/action/actionType.js
FNF:0
FNH:0
DA:2,9
DA:3,9
DA:5,9
DA:6,9
DA:8,9
DA:9,9
DA:11,9
DA:12,9
LF:8
LH:8
BRF:0
BRH:0
end_of_record
TN:
SF:src/Components/redux/action/gatewayAction.js
FN:4,(anonymous_0)
FN:5,(anonymous_1)
FN:15,(anonymous_2)
FNF:3
FNH:3
FNDA:1,(anonymous_0)
FNDA:1,(anonymous_1)
FNDA:3,(anonymous_2)
DA:4,2
DA:5,1
DA:6,1
DA:7,1
DA:8,1
DA:15,2
DA:16,3
LF:7
LH:7
BRDA:15,0,0,3
BRF:1
BRH:1
end_of_record
TN:
SF:src/Components/redux/action/projectAction.js
FN:4,(anonymous_0)
FN:5,(anonymous_1)
FN:16,(anonymous_2)
FNF:3
FNH:3
FNDA:1,(anonymous_0)
FNDA:1,(anonymous_1)
FNDA:3,(anonymous_2)
DA:4,2
DA:5,1
DA:6,1
DA:7,1
DA:8,1
DA:16,2
DA:17,3
LF:7
LH:7
BRDA:16,0,0,3
BRF:1
BRH:1
end_of_record
TN:
SF:src/Components/redux/action/reportAction.js
FN:4,(anonymous_0)
FN:5,(anonymous_1)
FN:16,(anonymous_2)
FNF:3
FNH:3
FNDA:1,(anonymous_0)
FNDA:1,(anonymous_1)
FNDA:3,(anonymous_2)
DA:4,2
DA:5,1
DA:6,1
DA:7,1
DA:8,1
DA:16,2
DA:17,3
LF:7
LH:7
BRDA:16,0,0,3
BRF:1
BRH:1
end_of_record
TN:
SF:src/Components/redux/action/userAction.js
FN:24,(anonymous_0)
FN:25,(anonymous_1)
FN:51,(anonymous_2)
FNF:3
FNH:3
FNDA:2,(anonymous_0)
FNDA:1,(anonymous_1)
FNDA:3,(anonymous_2)
DA:24,6
DA:25,2
DA:26,1
DA:27,1
DA:28,1
DA:51,6
DA:52,3
LF:7
LH:7
BRDA:51,0,0,3
BRF:1
BRH:1
end_of_record
TN:
SF:src/Components/redux/reducer/gateWayReducer.js
FN:10,(anonymous_0)
FNF:1
FNH:1
FNDA:5,(anonymous_0)
DA:5,2
DA:10,2
DA:11,5
DA:14,1
DA:18,1
DA:20,4
LF:6
LH:6
BRDA:10,0,0,2
BRDA:11,1,0,1
BRDA:11,1,1,4
BRF:3
BRH:3
end_of_record
TN:
SF:src/Components/redux/reducer/index.js
FNF:0
FNH:0
DA:7,1
LF:1
LH:1
BRF:0
BRH:0
end_of_record
TN:
SF:src/Components/redux/reducer/projectReducer.js
FN:10,(anonymous_0)
FNF:1
FNH:1
FNDA:5,(anonymous_0)
DA:5,2
DA:10,2
DA:11,5
DA:14,1
DA:18,1
DA:29,4
LF:6
LH:6
BRDA:10,0,0,2
BRDA:11,1,0,1
BRDA:11,1,1,4
BRF:3
BRH:3
end_of_record
TN:
SF:src/Components/redux/reducer/reportReducer.js
FN:10,(anonymous_0)
FNF:1
FNH:1
FNDA:5,(anonymous_0)
DA:5,2
DA:10,2
DA:11,5
DA:14,1
DA:18,1
DA:29,4
LF:6
LH:6
BRDA:10,0,0,3
BRDA:11,1,0,1
BRDA:11,1,1,4
BRF:3
BRH:3
end_of_record
TN:
SF:src/Components/redux/reducer/userReducer.js
FN:10,(anonymous_0)
FNF:1
FNH:1
FNDA:6,(anonymous_0)
DA:5,2
DA:10,2
DA:11,6
DA:14,1
DA:18,1
DA:20,1
DA:24,1
DA:35,4
LF:8
LH:8
BRDA:10,0,0,2
BRDA:11,1,0,1
BRDA:11,1,1,1
BRDA:11,1,2,4
BRF:4
BRH:4
end_of_record
TN:
SF:src/Components/store/configStore.js
FN:18,(anonymous_0)
FNF:1
FNH:0
FNDA:0,(anonymous_0)
DA:9,0
DA:14,0
DA:18,0
DA:22,0
DA:27,0
DA:28,0
LF:6
LH:0
BRF:0
BRH:0
end_of_record
TN:
SF:src/Components/ui/DasboardNoData.js
FN:5,(anonymous_0)
FNF:1
FNH:1
FNDA:2,(anonymous_0)
DA:5,1
DA:6,2
LF:2
LH:2
BRF:0
BRH:0
end_of_record
TN:
SF:src/Components/ui/Dashboard.js
FN:37,(anonymous_0)
FN:49,(anonymous_1)
FN:50,(anonymous_2)
FN:51,(anonymous_3)
FN:52,(anonymous_4)
FN:71,(anonymous_5)
FN:72,(anonymous_6)
FN:92,(anonymous_7)
FN:97,(anonymous_8)
FN:104,(anonymous_9)
FN:115,(anonymous_10)
FN:126,(anonymous_11)
FN:139,(anonymous_12)
FN:151,(anonymous_13)
FN:156,(anonymous_14)
FN:167,(anonymous_15)
FN:179,(anonymous_16)
FN:184,(anonymous_17)
FN:187,(anonymous_18)
FN:190,(anonymous_19)
FN:207,(anonymous_20)
FN:218,(anonymous_21)
FN:225,(anonymous_22)
FN:332,(anonymous_23)
FN:359,(anonymous_24)
FN:374,(anonymous_25)
FN:377,(anonymous_26)
FN:401,(anonymous_27)
FN:404,(anonymous_28)
FNF:29
FNH:13
FNDA:2,(anonymous_0)
FNDA:2,(anonymous_1)
FNDA:2,(anonymous_2)
FNDA:2,(anonymous_3)
FNDA:2,(anonymous_4)
FNDA:0,(anonymous_5)
FNDA:0,(anonymous_6)
FNDA:0,(anonymous_7)
FNDA:0,(anonymous_8)
FNDA:0,(anonymous_9)
FNDA:0,(anonymous_10)
FNDA:0,(anonymous_11)
FNDA:1,(anonymous_12)
FNDA:1,(anonymous_13)
FNDA:1,(anonymous_14)
FNDA:1,(anonymous_15)
FNDA:0,(anonymous_16)
FNDA:0,(anonymous_17)
FNDA:0,(anonymous_18)
FNDA:0,(anonymous_19)
FNDA:0,(anonymous_20)
FNDA:0,(anonymous_21)
FNDA:0,(anonymous_22)
FNDA:2,(anonymous_23)
FNDA:2,(anonymous_24)
FNDA:0,(anonymous_25)
FNDA:2,(anonymous_26)
FNDA:0,(anonymous_27)
FNDA:2,(anonymous_28)
DA:37,1
DA:38,2
DA:44,2
DA:45,2
DA:46,2
DA:48,2
DA:49,2
DA:50,2
DA:51,2
DA:52,2
DA:54,2
DA:55,2
DA:56,2
DA:57,2
DA:58,2
DA:60,2
DA:61,2
DA:62,2
DA:63,2
DA:64,2
DA:65,2
DA:71,2
DA:72,0
DA:73,0
DA:74,0
DA:75,0
DA:76,0
DA:78,0
DA:79,0
DA:80,0
DA:82,0
DA:85,0
DA:92,2
DA:93,0
DA:94,0
DA:95,0
DA:96,0
DA:97,0
DA:99,0
DA:102,0
DA:103,0
DA:104,0
DA:106,0
DA:110,0
DA:112,0
DA:113,0
DA:115,0
DA:116,0
DA:118,0
DA:126,2
DA:127,0
DA:128,0
DA:134,2
DA:139,2
DA:140,1
DA:141,1
DA:142,0
DA:143,0
DA:144,0
DA:151,2
DA:152,1
DA:153,1
DA:154,1
DA:155,1
DA:156,1
DA:157,1
DA:160,1
DA:161,1
DA:163,1
DA:164,1
DA:165,1
DA:167,1
DA:168,1
DA:170,1
DA:171,1
DA:179,2
DA:180,0
DA:181,0
DA:182,0
DA:183,0
DA:184,0
DA:185,0
DA:186,0
DA:187,0
DA:189,0
DA:190,0
DA:192,0
DA:193,0
DA:195,0
DA:196,0
DA:199,0
DA:201,0
DA:204,0
DA:205,0
DA:206,0
DA:207,0
DA:208,0
DA:210,0
DA:218,2
DA:219,0
DA:225,2
DA:226,0
DA:230,2
DA:333,2
DA:360,2
DA:375,0
DA:378,2
DA:402,0
DA:405,2
LF:109
LH:52
BRDA:73,0,0,0
BRDA:73,0,1,0
BRDA:75,1,0,0
BRDA:75,1,1,0
BRDA:79,2,0,0
BRDA:79,2,1,0
BRDA:93,3,0,0
BRDA:93,3,1,0
BRDA:94,4,0,0
BRDA:94,4,1,0
BRDA:95,5,0,0
BRDA:95,5,1,0
BRDA:102,6,0,0
BRDA:102,6,1,0
BRDA:112,7,0,0
BRDA:112,7,1,0
BRDA:152,8,0,0
BRDA:152,8,1,1
BRDA:153,9,0,1
BRDA:153,9,1,0
BRDA:163,10,0,1
BRDA:163,10,1,0
BRDA:180,11,0,0
BRDA:180,11,1,0
BRDA:192,12,0,0
BRDA:192,12,1,0
BRDA:195,13,0,0
BRDA:195,13,1,0
BRDA:206,14,0,0
BRDA:206,14,1,0
BRDA:260,15,0,0
BRDA:260,15,1,2
BRDA:331,16,0,2
BRDA:331,16,1,1
BRDA:358,17,0,2
BRDA:358,17,1,1
BRDA:441,18,0,0
BRDA:441,18,1,2
BRF:38
BRH:9
end_of_record
TN:
SF:src/Components/ui/DashboardChart.js
FN:4,(anonymous_0)
FNF:1
FNH:0
FNDA:0,(anonymous_0)
DA:4,1
DA:5,0
DA:6,0
DA:30,0
LF:4
LH:1
BRF:0
BRH:0
end_of_record
TN:
SF:src/Components/ui/DashboardTable.js
FN:12,(anonymous_0)
FN:18,(anonymous_1)
FN:39,(anonymous_2)
FN:48,(anonymous_3)
FN:71,(anonymous_4)
FN:105,(anonymous_5)
FN:129,(anonymous_6)
FNF:7
FNH:0
FNDA:0,(anonymous_0)
FNDA:0,(anonymous_1)
FNDA:0,(anonymous_2)
FNDA:0,(anonymous_3)
FNDA:0,(anonymous_4)
FNDA:0,(anonymous_5)
FNDA:0,(anonymous_6)
DA:12,1
DA:13,0
DA:15,0
DA:17,0
DA:18,0
DA:19,0
DA:22,0
DA:25,0
DA:27,0
DA:39,0
DA:48,0
DA:72,0
DA:105,1
DA:107,0
DA:108,0
DA:130,0
LF:16
LH:2
BRDA:17,0,0,0
BRDA:17,0,1,0
BRDA:70,1,0,0
BRDA:70,1,1,0
BRF:4
BRH:0
end_of_record
TN:
SF:src/api/api.js
FN:12,(anonymous_0)
FN:28,(anonymous_1)
FNF:2
FNH:2
FNDA:2,(anonymous_0)
FNDA:2,(anonymous_1)
DA:10,10
DA:12,10
DA:13,2
DA:14,2
DA:28,10
DA:29,2
LF:6
LH:6
BRDA:12,0,0,2
BRDA:28,1,0,2
BRF:2
BRH:2
end_of_record
